<?xml version="1.0" encoding="UTF-8"?>
<!-- Generated by org.testng.reporters.JUnitReportReporter -->
<testsuite hostname="DESKTOP-R8DT9RL" failures="0" tests="12" name="cmstestcases.PineLabIssueTestCase" time="40.502" errors="0" timestamp="2025-06-30T15:02:27 IST" skipped="0">
  <testcase classname="cmstestcases.PineLabIssueTestCase" name="LoginTest" time="3.839"/>
  <testcase classname="cmstestcases.PineLabIssueTestCase" name="AppSelectionPage" time="0.254"/>
  <testcase classname="cmstestcases.PineLabIssueTestCase" name="NavigationToPineLabIssue" time="5.111"/>
  <testcase classname="cmstestcases.PineLabIssueTestCase" name="CreateNewIssue" time="7.226"/>
  <testcase classname="cmstestcases.PineLabIssueTestCase" name="TablevieListStatus" time="0.084"/>
  <testcase classname="cmstestcases.PineLabIssueTestCase" name="ViewIssueDetails" time="1.196"/>
  <testcase classname="cmstestcases.PineLabIssueTestCase" name="UpdateIssue" time="6.706"/>
  <testcase classname="cmstestcases.PineLabIssueTestCase" name="AgaincheckViewIssueDetails" time="0.768"/>
  <testcase classname="cmstestcases.PineLabIssueTestCase" name="updatestatusclose" time="2.938"/>
  <testcase classname="cmstestcases.PineLabIssueTestCase" name="isstatusclosed" time="3.128"/>
  <testcase classname="cmstestcases.PineLabIssueTestCase" name="deletetets" time="8.173"/>
  <testcase classname="cmstestcases.PineLabIssueTestCase" name="DeetedStatusCheck" time="1.079"/>
</testsuite> <!-- cmstestcases.PineLabIssueTestCase -->
