<?xml version="1.0" encoding="UTF-8"?>
<!-- Generated by org.testng.reporters.JUnitReportReporter -->
<testsuite hostname="Raj" failures="0" tests="1" name="com.gmr.Testcases.Logintestcase" time="6.052" errors="0" timestamp="2025-06-02T13:48:21 IST" skipped="0">
  <testcase classname="com.gmr.Testcases.Logintestcase" name="logintest" time="6.052"/>
</testsuite> <!-- com.gmr.Testcases.Logintestcase -->
