<?xml version="1.0" encoding="UTF-8"?>
<!-- Generated by org.testng.reporters.JUnitReportReporter -->
<testsuite hostname="DESKTOP-R8DT9RL" failures="0" tests="3" name="cmstestcases.enabledattribute" time="0.013" errors="0" timestamp="2025-06-27T18:00:15 IST" skipped="1">
  <testcase classname="cmstestcases.enabledattribute" name="launchapp" time="0.011"/>
  <testcase classname="cmstestcases.enabledattribute" name="closeapp" time="0.002"/>
  <testcase classname="cmstestcases.enabledattribute" name="navigationpage">
    <skipped/>
  </testcase> <!-- navigationpage -->
</testsuite> <!-- cmstestcases.enabledattribute -->
