<?xml version="1.0" encoding="UTF-8"?>
<!-- Generated by org.testng.reporters.JUnitReportReporter -->
<testsuite hostname="DESKTOP-R8DT9RL" failures="0" tests="3" name="cmstestcases.TestwithAttributes" time="0.017" errors="0" timestamp="2025-06-27T17:50:48 IST" skipped="0">
  <testcase classname="cmstestcases.TestwithAttributes" name="timeouts" time="0.013"/>
  <testcase classname="cmstestcases.TestwithAttributes" name="testpriority" time="0.002"/>
  <testcase classname="cmstestcases.TestwithAttributes" name="descriptiontest" time="0.002"/>
</testsuite> <!-- cmstestcases.TestwithAttributes -->
