<?xml version="1.0" encoding="UTF-8"?>
<!-- Generated by org.testng.reporters.JUnitReportReporter -->
<testsuite hostname="DESKTOP-R8DT9RL" failures="0" tests="4" name="cmstestcases.UserMnagementUserTest" time="13.847" errors="0" timestamp="2025-07-11T11:29:12 IST" skipped="0">
  <testcase classname="cmstestcases.UserMnagementUserTest" name="LoginTest" time="3.404"/>
  <testcase classname="cmstestcases.UserMnagementUserTest" name="AppSelectionPage" time="0.169"/>
  <testcase classname="cmstestcases.UserMnagementUserTest" name="NavigateToUserMangement" time="3.985"/>
  <testcase classname="cmstestcases.UserMnagementUserTest" name="UserWorkFlowConfig" time="6.289"/>
</testsuite> <!-- cmstestcases.UserMnagementUserTest -->
