<?xml version="1.0" encoding="UTF-8"?>
<!-- Generated by org.testng.reporters.JUnitReportReporter -->
<testsuite hostname="Raj" failures="0" tests="1" name="com.zcshorturl.Testcases.Logintest" time="26.642" errors="0" timestamp="2025-06-03T11:49:41 IST" skipped="0">
  <testcase classname="com.zcshorturl.Testcases.Logintest" name="test" time="26.642"/>
</testsuite> <!-- com.zcshorturl.Testcases.Logintest -->
