<?xml version="1.0" encoding="UTF-8"?>
<!-- Generated by org.testng.reporters.JUnitReportReporter -->
<testsuite hostname="Raj" failures="0" tests="4" name="com.zcshorturl.Testcases.ZcusercreationLogintest" time="64.553" errors="0" timestamp="2025-06-16T08:37:13 IST" skipped="0">
  <testcase classname="com.zcshorturl.Testcases.ZcusercreationLogintest" name="logintest" time="7.709"/>
  <testcase classname="com.zcshorturl.Testcases.ZcusercreationLogintest" name="appselection" time="1.389"/>
  <testcase classname="com.zcshorturl.Testcases.ZcusercreationLogintest" name="navigatetouser" time="0.508"/>
  <testcase classname="com.zcshorturl.Testcases.ZcusercreationLogintest" name="usercreationtest" time="54.947"/>
</testsuite> <!-- com.zcshorturl.Testcases.ZcusercreationLogintest -->
