<?xml version="1.0" encoding="UTF-8"?>
<!-- Generated by org.testng.reporters.JUnitReportReporter -->
<testsuite hostname="Raj" failures="0" tests="1" name="com.gmr.Testcases.naveen" time="0.009" errors="0" timestamp="2025-05-30T10:00:59 IST" skipped="0">
  <testcase classname="com.gmr.Testcases.naveen" name="test" time="0.009"/>
</testsuite> <!-- com.gmr.Testcases.naveen -->
