<?xml version="1.0" encoding="UTF-8"?>
<!-- Generated by org.testng.reporters.JUnitReportReporter -->
<testsuite hostname="DESKTOP-VM6CH0H" failures="0" tests="3" name="Tests.Dataprovidertest" time="98.808" errors="0" timestamp="2025-07-30T11:21:25 IST" skipped="0">
  <testcase classname="Tests.Dataprovidertest" name="verifylogin" time="34.513"/>
  <testcase classname="Tests.Dataprovidertest" name="verifylogin" time="36.843"/>
  <testcase classname="Tests.Dataprovidertest" name="verifylogin" time="27.452"/>
</testsuite> <!-- Tests.Dataprovidertest -->
