<?xml version="1.0" encoding="UTF-8"?>
<!-- Generated by org.testng.reporters.JUnitReportReporter -->
<testsuite hostname="DESKTOP-R8DT9RL" failures="0" tests="4" name="cmstestcases.CmsStatusTest" time="13.872" errors="0" timestamp="2025-06-23T12:38:26 IST" skipped="0">
  <testcase classname="cmstestcases.CmsStatusTest" name="logintest" time="3.976"/>
  <testcase classname="cmstestcases.CmsStatusTest" name="appselection" time="0.174"/>
  <testcase classname="cmstestcases.CmsStatusTest" name="navigation" time="7.693"/>
  <testcase classname="cmstestcases.CmsStatusTest" name="Cmsstatus" time="2.029"/>
</testsuite> <!-- cmstestcases.CmsStatusTest -->
