<?xml version="1.0" encoding="UTF-8"?>
<!-- Generated by org.testng.reporters.JUnitReportReporter -->
<testsuite hostname="Raj" failures="0" tests="4" name="com.zcshorturl.Testcases.UserEditTest" time="13.376" errors="0" timestamp="2025-06-13T17:58:25 IST" skipped="0">
  <testcase classname="com.zcshorturl.Testcases.UserEditTest" name="logintest" time="6.940"/>
  <testcase classname="com.zcshorturl.Testcases.UserEditTest" name="appselection" time="1.234"/>
  <testcase classname="com.zcshorturl.Testcases.UserEditTest" name="navigatetouser" time="1.119"/>
  <testcase classname="com.zcshorturl.Testcases.UserEditTest" name="edittest" time="4.083"/>
</testsuite> <!-- com.zcshorturl.Testcases.UserEditTest -->
