<?xml version="1.0" encoding="UTF-8"?>
<!-- Generated by org.testng.reporters.JUnitReportReporter -->
<testsuite hostname="DESKTOP-R8DT9RL" failures="0" tests="4" name="cmstestcases.UserMnagementUserTest" time="16.068" errors="0" timestamp="2025-07-22T12:01:03 IST" skipped="0">
  <testcase classname="cmstestcases.UserMnagementUserTest" name="LoginTest" time="3.453"/>
  <testcase classname="cmstestcases.UserMnagementUserTest" name="AppSelectionPage" time="0.968"/>
  <testcase classname="cmstestcases.UserMnagementUserTest" name="NavigateToUserMangement" time="3.860"/>
  <testcase classname="cmstestcases.UserMnagementUserTest" name="UserWorkFlowConfig" time="7.787"/>
</testsuite> <!-- cmstestcases.UserMnagementUserTest -->
