<?xml version="1.0" encoding="UTF-8"?>
<!-- Generated by org.testng.reporters.JUnitReportReporter -->
<testsuite hostname="Raj" failures="0" tests="1" name="com.gmr.Testcases.Doctorpagetest" time="6.321" errors="0" timestamp="2025-06-02T15:23:03 IST" skipped="0">
  <testcase classname="com.gmr.Testcases.Doctorpagetest" name="doctorpage" time="6.321"/>
</testsuite> <!-- com.gmr.Testcases.Doctorpagetest -->
