<?xml version="1.0" encoding="UTF-8"?>
<!-- Generated by org.testng.reporters.JUnitReportReporter -->
<testsuite hostname="DESKTOP-R8DT9RL" failures="0" tests="7" name="cmstestcases.Pinelabissuestest" time="18.216" errors="0" timestamp="2025-06-24T18:44:24 IST" skipped="0">
  <testcase classname="cmstestcases.Pinelabissuestest" name="logintest" time="3.784"/>
  <testcase classname="cmstestcases.Pinelabissuestest" name="appselection" time="1.131"/>
  <testcase classname="cmstestcases.Pinelabissuestest" name="navigation" time="3.716"/>
  <testcase classname="cmstestcases.Pinelabissuestest" name="createissue" time="5.896"/>
  <testcase classname="cmstestcases.Pinelabissuestest" name="deletetests" time="1.283"/>
  <testcase classname="cmstestcases.Pinelabissuestest" name="viewdetailstest" time="2.335"/>
  <testcase classname="cmstestcases.Pinelabissuestest" name="Cmsstatus" time="0.071"/>
</testsuite> <!-- cmstestcases.Pinelabissuestest -->
