<?xml version="1.0" encoding="UTF-8"?>
<!-- Generated by org.testng.reporters.JUnitReportReporter -->
<testsuite hostname="Raj" failures="0" tests="4" name="com.zcshorturl.Testcases.ActiveInactiveTest" time="7.794" errors="0" timestamp="2025-06-13T12:21:11 IST" skipped="0">
  <testcase classname="com.zcshorturl.Testcases.ActiveInactiveTest" name="logintest" time="4.358"/>
  <testcase classname="com.zcshorturl.Testcases.ActiveInactiveTest" name="appselection" time="0.880"/>
  <testcase classname="com.zcshorturl.Testcases.ActiveInactiveTest" name="navigatetouser" time="1.077"/>
  <testcase classname="com.zcshorturl.Testcases.ActiveInactiveTest" name="activeinactivetest" time="1.479"/>
</testsuite> <!-- com.zcshorturl.Testcases.ActiveInactiveTest -->
