<?xml version="1.0" encoding="UTF-8"?>
<!-- Generated by org.testng.reporters.JUnitReportReporter -->
<testsuite hostname="DESKTOP-R8DT9RL" failures="0" tests="4" name="cmstestcases.ViewStatus" time="13.697" errors="0" timestamp="2025-06-23T16:11:11 IST" skipped="0">
  <testcase classname="cmstestcases.ViewStatus" name="logintest" time="7.117"/>
  <testcase classname="cmstestcases.ViewStatus" name="appselection" time="0.173"/>
  <testcase classname="cmstestcases.ViewStatus" name="navigation" time="4.931"/>
  <testcase classname="cmstestcases.ViewStatus" name="viewdetailstest" time="1.476"/>
</testsuite> <!-- cmstestcases.ViewStatus -->
