<?xml version="1.0" encoding="UTF-8"?>
<!-- Generated by org.testng.reporters.JUnitReportReporter -->
<testsuite hostname="DESKTOP-R8DT9RL" failures="0" tests="4" name="cmstestcases.CmsUpdateTest" time="10.629" errors="0" timestamp="2025-06-23T12:57:13 IST" skipped="0">
  <testcase classname="cmstestcases.CmsUpdateTest" name="logintest" time="3.300"/>
  <testcase classname="cmstestcases.CmsUpdateTest" name="appselection" time="0.201"/>
  <testcase classname="cmstestcases.CmsUpdateTest" name="navigation" time="4.990"/>
  <testcase classname="cmstestcases.CmsUpdateTest" name="updatetets" time="2.138"/>
</testsuite> <!-- cmstestcases.CmsUpdateTest -->
