<?xml version="1.0" encoding="UTF-8"?>
<!-- Generated by org.testng.reporters.JUnitReportReporter -->
<testsuite hostname="Raj" failures="0" tests="4" name="com.zcshorturl.Testcases.ActionTestclass" time="11.155" errors="0" timestamp="2025-06-12T17:56:15 IST" skipped="0">
  <testcase classname="com.zcshorturl.Testcases.ActionTestclass" name="logintest" time="5.867"/>
  <testcase classname="com.zcshorturl.Testcases.ActionTestclass" name="appselection" time="0.909"/>
  <testcase classname="com.zcshorturl.Testcases.ActionTestclass" name="navigatetouser" time="1.483"/>
  <testcase classname="com.zcshorturl.Testcases.ActionTestclass" name="actionstest" time="2.896"/>
</testsuite> <!-- com.zcshorturl.Testcases.ActionTestclass -->
