<?xml version="1.0" encoding="UTF-8"?>
<!-- Generated by org.testng.reporters.JUnitReportReporter -->
<testsuite hostname="DESKTOP-R8DT9RL" failures="0" tests="4" name="cmstestcases.DeleteActionTest" time="15.151" errors="0" timestamp="2025-06-20T18:07:15 IST" skipped="0">
  <testcase classname="cmstestcases.DeleteActionTest" name="logintest" time="4.366"/>
  <testcase classname="cmstestcases.DeleteActionTest" name="appselection" time="0.811"/>
  <testcase classname="cmstestcases.DeleteActionTest" name="navigation" time="4.442"/>
  <testcase classname="cmstestcases.DeleteActionTest" name="deletetets" time="5.532"/>
</testsuite> <!-- cmstestcases.DeleteActionTest -->
