<?xml version="1.0" encoding="UTF-8"?>
<!-- Generated by org.testng.reporters.JUnitReportReporter -->
<testsuite hostname="DESKTOP-VM6CH0H" failures="0" tests="1" name="adstestcases.AdsLedCreateCampaignTest" time="34.134" errors="0" timestamp="2025-08-04T12:42:53 IST" skipped="0">
  <testcase classname="adstestcases.AdsLedCreateCampaignTest" name="loginTest" time="34.134"/>
</testsuite> <!-- adstestcases.AdsLedCreateCampaignTest -->
